[debug] [2021-10-27T20:59:19.829Z] ----------------------------------------------------------------------
[debug] [2021-10-27T20:59:19.831Z] Command:       C:\Program Files (x86)\nodejs\node.exe C:\Users\USER OS\AppData\Roaming\npm\node_modules\firebase-tools\lib\bin\firebase.js init
[debug] [2021-10-27T20:59:19.832Z] CLI Version:   9.21.0
[debug] [2021-10-27T20:59:19.832Z] Platform:      win32
[debug] [2021-10-27T20:59:19.832Z] Node Version:  v14.17.0
[debug] [2021-10-27T20:59:19.833Z] Time:          Thu Oct 28 2021 02:59:19 GMT+0600 (Bangladesh Standard Time)
[debug] [2021-10-27T20:59:19.833Z] ----------------------------------------------------------------------
[debug] 
[debug] [2021-10-27T20:59:19.835Z] >>> [apiv2][query] GET https://firebase-public.firebaseio.com/cli.json [none]
[debug] [2021-10-27T20:59:19.858Z] > command requires scopes: ["email","openid","https://www.googleapis.com/auth/cloudplatformprojects.readonly","https://www.googleapis.com/auth/firebase","https://www.googleapis.com/auth/cloud-platform"]
[debug] [2021-10-27T20:59:19.858Z] > authorizing via signed-in user (kumarroy.kb.kb@gmail.com)
[info] 
     ######## #### ########  ######## ########     ###     ######  ########
     ##        ##  ##     ## ##       ##     ##  ##   ##  ##       ##
     ######    ##  ########  ######   ########  #########  ######  ######
     ##        ##  ##    ##  ##       ##     ## ##     ##       ## ##
     ##       #### ##     ## ######## ########  ##     ##  ######  ########

You're about to initialize a Firebase project in this directory:

  C:\Users\USER OS\Desktop\app-practice-67

[debug] [2021-10-27T20:59:20.768Z] <<< [apiv2][status] GET https://firebase-public.firebaseio.com/cli.json 200
[debug] [2021-10-27T20:59:20.768Z] <<< [apiv2][body] GET https://firebase-public.firebaseio.com/cli.json {"cloudBuildErrorAfter":1594252800000,"cloudBuildWarnAfter":1590019200000,"defaultNode10After":1594252800000,"minVersion":"3.0.5","node8DeploysDisabledAfter":1613390400000,"node8RuntimeDisabledAfter":1615809600000,"node8WarnAfter":1600128000000}
[info] 
=== Project Setup
[info] 
[info] First, let's associate this project directory with a Firebase project.
[info] You can create multiple project aliases by running firebase use --add, 
[info] but for now we'll just set up a default project.
[info] 
[debug] [2021-10-27T20:59:30.066Z] > refreshing access token with scopes: []
[debug] [2021-10-27T20:59:30.066Z] >>> HTTP REQUEST POST https://www.googleapis.com/oauth2/v3/token  
 <request body omitted>
[debug] [2021-10-27T20:59:30.277Z] <<< HTTP RESPONSE 200 {"date":"Wed, 27 Oct 2021 20:59:28 GMT","pragma":"no-cache","expires":"Mon, 01 Jan 1990 00:00:00 GMT","cache-control":"no-cache, no-store, max-age=0, must-revalidate","content-type":"application/json; charset=utf-8","vary":"X-Origin, Referer, Origin,Accept-Encoding","server":"scaffolding on HTTPServer2","x-xss-protection":"0","x-frame-options":"SAMEORIGIN","x-content-type-options":"nosniff","alt-svc":"h3=\":443\"; ma=2592000,h3-29=\":443\"; ma=2592000,h3-Q050=\":443\"; ma=2592000,h3-Q046=\":443\"; ma=2592000,h3-Q043=\":443\"; ma=2592000","accept-ranges":"none","transfer-encoding":"chunked"}
[debug] [2021-10-27T20:59:30.288Z] >>> [apiv2][query] GET https://firebase.googleapis.com/v1beta1/projects pageSize=100
[debug] [2021-10-27T20:59:31.545Z] <<< [apiv2][status] GET https://firebase.googleapis.com/v1beta1/projects 200
[debug] [2021-10-27T20:59:31.545Z] <<< [apiv2][body] GET https://firebase.googleapis.com/v1beta1/projects [omitted]
[debug] [2021-10-27T21:00:55.958Z] ----------------------------------------------------------------------
[debug] [2021-10-27T21:00:55.960Z] Command:       C:\Program Files (x86)\nodejs\node.exe C:\Users\USER OS\AppData\Roaming\npm\node_modules\firebase-tools\lib\bin\firebase.js init
[debug] [2021-10-27T21:00:55.960Z] CLI Version:   9.21.0
[debug] [2021-10-27T21:00:55.961Z] Platform:      win32
[debug] [2021-10-27T21:00:55.961Z] Node Version:  v14.17.0
[debug] [2021-10-27T21:00:55.962Z] Time:          Thu Oct 28 2021 03:00:55 GMT+0600 (Bangladesh Standard Time)
[debug] [2021-10-27T21:00:55.962Z] ----------------------------------------------------------------------
[debug] 
[debug] [2021-10-27T21:00:55.968Z] > command requires scopes: ["email","openid","https://www.googleapis.com/auth/cloudplatformprojects.readonly","https://www.googleapis.com/auth/firebase","https://www.googleapis.com/auth/cloud-platform"]
[debug] [2021-10-27T21:00:55.968Z] > authorizing via signed-in user (kumarroy.kb.kb@gmail.com)
[info] 
     ######## #### ########  ######## ########     ###     ######  ########
     ##        ##  ##     ## ##       ##     ##  ##   ##  ##       ##
     ######    ##  ########  ######   ########  #########  ######  ######
     ##        ##  ##    ##  ##       ##     ## ##     ##       ## ##
     ##       #### ##     ## ######## ########  ##     ##  ######  ########

You're about to initialize a Firebase project in this directory:

  C:\Users\USER OS\Desktop\app-practice-67

[info] 
=== Project Setup
[info] 
[info] First, let's associate this project directory with a Firebase project.
[info] You can create multiple project aliases by running firebase use --add, 
[info] but for now we'll just set up a default project.
[info] 
[info] i  If you want to create a project in a Google Cloud organization or folder, please use "firebase projects:create" instead, and return to this command when you've created the project. 
